
Chromatic CLI v8.0.0
https://www.chromatic.com/docs/cli

Authenticating with Chromatic
    → Connecting to https://index.chromatic.com
⚠ Using outdated package
You are using an outdated version of the Chromatic CLI (v8.0.0).
A new major version is available (v13.1.3).
Run yarn upgrade chromatic --latest to upgrade.
Authenticated with Chromatic
    → Using project token '****************8940'
Retrieving git information
Retrieved git information
    → Commit '2f01cd5' on branch 'main'; no ancestor found
Collecting Storybook metadata
Collected Storybook metadata
    → Storybook 7.5.1 for React; using the @storybook/react-vite builder (7.5.1); supported addons found: Essentials, A11y, Interactions
Initializing build
Initialized build
    → Build 1 initialized
Building your Storybook
    → Running command: npm run build-storybook -- --output-dir /var/folders/yz/p862j49x68sfyhw3mxt9kfx80000gr/T/chromatic--46291-g7DEpvGHUB2G
Storybook built in 10 seconds
    → View build log at /Users/swastik/Downloads/react-component-library-complete/build-storybook.log
Publish your built Storybook
    → Validating Storybook files
Publishing your built Storybook
    → Retrieving target location
    → Starting publish
    → [                    ] 0%
    → [=                   ] 4%
    → [=                   ] 5%
    → [==                  ] 9%
    → [==                  ] 10%
    → [==                  ] 11%
    → [===                 ] 13%
    → [===                 ] 16%
    → [===                 ] 17%
    → [====                ] 20%
    → [====                ] 22%
    → [=====               ] 23%
    → [=====               ] 25%
    → [=====               ] 26%
    → [======              ] 28%
    → [======              ] 30%
    → [======              ] 31%
    → [======              ] 32%
    → [=======             ] 33%
    → [=======             ] 34%
    → [=======             ] 36%
    → [=======             ] 37%
    → [========            ] 38%
    → [========            ] 39%
    → [========            ] 40%
    → [========            ] 42%
    → [=========           ] 43%
    → [=========           ] 45%
    → [=========           ] 46%
    → [==========          ] 52%
    → [===========         ] 55%
    → [===========         ] 56%
    → [============        ] 58%
    → [============        ] 59%
    → [============        ] 61%
    → [============        ] 62%
    → [=============       ] 63%
    → [=============       ] 65%
    → [=============       ] 66%
    → [=============       ] 67%
    → [==============      ] 70%
    → [==============      ] 71%
    → [==============      ] 72%
    → [===============     ] 73%
    → [===============     ] 74%
    → [===============     ] 75%
    → [===============     ] 76%
    → [===============     ] 77%
    → [================    ] 78%
    → [================    ] 79%
    → [================    ] 80%
    → [================    ] 81%
    → [================    ] 82%
    → [=================   ] 83%
    → [=================   ] 84%
    → [=================   ] 85%
    → [=================   ] 86%
    → [==================  ] 88%
    → [==================  ] 90%
    → [==================  ] 91%
    → [=================== ] 94%
    → [=================== ] 96%
    → [=================== ] 97%
    → [====================] 98%
    → [====================] 99%
    → [====================] 100%
Publish complete in 54 seconds
    → View your Storybook at https://68aec9c6c1dbb323afc8db19-rwsomoagon.chromatic.com
Verifying your Storybook
    → This may take a few minutes
Started build 1
    → Continue setup at https://www.chromatic.com/setup?appId=68aec9c6c1dbb323afc8db19
Running 7 tests
    → This may take a few minutes
ℹ Speed up Continuous Integration
Your project is linked to GitHub so Chromatic will report results there.
This means you can pass the --exit-once-uploaded flag to skip waiting for build results.
Read more here: https://www.chromatic.com/docs/cli#chromatic-options
    → [===                 ] 1/7  DataTable › Basic 
    → [======              ] 2/7  DataTable › Selectable 
    → [=========           ] 3/7  DataTable › Loading 
    → [===========         ] 4/7  InputField › Default 
    → [==============      ] 5/7  InputField › With Label 
    → [=================   ] 6/7  InputField › Search Field 
    → [====================] 7/7  InputField › Password Toggle 
✔ Build passed. Welcome to Chromatic!
We found 2 components with 7 stories and took 7 snapshots.
ℹ Please continue setup at https://www.chromatic.com/setup?appId=68aec9c6c1dbb323afc8db19
